12:06:05. INFO  manager.ListenerNg - onStart
12:06:05. INFO  manager.ListenerNg - onTestStart
12:06:05. INFO  manager.ListenerNg - startGoogle
12:06:06. INFO  manager.ListenerNg - onTestFailure
12:06:06. INFO  manager.ListenerNg - org.openqa.selenium.SessionNotCreatedException: session not created: This version of ChromeDriver only supports Chrome version 97
Current browser version is 99.0.4844.51 with binary path C:\Program Files (x86)\Google\Chrome\Application\chrome.exe
Build info: version: '3.141.59', revision: 'e82be7d358', time: '2018-11-14T08:17:03'
System info: host: 'DESKTOP-GTJO46A', ip: '192.168.1.105', os.name: 'Windows 10', os.arch: 'amd64', os.version: '10.0', java.version: '11.0.13'
Driver info: driver.version: unknown
remote stacktrace: Backtrace:
	Ordinal0 [0x0087FDC3+2555331]
	Ordinal0 [0x008177F1+2127857]
	Ordinal0 [0x00712E08+1060360]
	Ordinal0 [0x007319CA+1186250]
	Ordinal0 [0x0072D825+1169445]
	Ordinal0 [0x0072AFC1+1159105]
	Ordinal0 [0x0075C22F+1360431]
	Ordinal0 [0x0075BE9A+1359514]
	Ordinal0 [0x00757976+1341814]
	Ordinal0 [0x007336B6+1193654]
	Ordinal0 [0x00734546+1197382]
	GetHandleVerifier [0x00A19622+1619522]
	GetHandleVerifier [0x00AC882C+2336844]
	GetHandleVerifier [0x009123E1+541697]
	GetHandleVerifier [0x00911443+537699]
	Ordinal0 [0x0081D18E+2150798]
	Ordinal0 [0x00821518+2168088]
	Ordinal0 [0x00821660+2168416]
	Ordinal0 [0x0082B330+2208560]
	BaseThreadInitThunk [0x7590FA29+25]
	RtlGetAppContainerNamedObjectPath [0x77A97A9E+286]
	RtlGetAppContainerNamedObjectPath [0x77A97A6E+238]

12:06:06. INFO  manager.ListenerNg - onFinish
