15:01:38. INFO  manager.MyListener - Start find element with 'locator' ---> By.cssSelector: [href='/login']
15:01:38. INFO  manager.MyListener - End find element with 'locator' ---> By.cssSelector: [href='/login']
15:01:38. INFO  manager.MyListener - Start find element with 'locator' ---> By.cssSelector: [href='/login']
15:01:38. INFO  manager.MyListener - End find element with 'locator' ---> By.cssSelector: [href='/login']
15:01:38. INFO  manager.MyListener - Start find element with 'locator' ---> By.id: user
15:01:39. INFO  manager.MyListener - End find element with 'locator' ---> By.id: user
15:01:39. INFO  manager.MyListener - Start find element with 'locator' ---> By.id: login
15:01:39. INFO  manager.MyListener - End find element with 'locator' ---> By.id: login
15:01:41. INFO  manager.MyListener - Start find element with 'locator' ---> By.id: password
15:01:42. INFO  manager.MyListener - End find element with 'locator' ---> By.id: password
15:01:42. INFO  manager.MyListener - Start find element with 'locator' ---> By.cssSelector: #login-submit
15:01:42. INFO  manager.MyListener - End find element with 'locator' ---> By.cssSelector: #login-submit
15:01:42. INFO  manager.MyListener - Start find element with 'locator' ---> By.cssSelector: [data-test-id='header-member-menu-button']
15:01:48. INFO  manager.MyListener - End find element with 'locator' ---> By.cssSelector: [data-test-id='header-member-menu-button']
15:01:48. INFO  manager.MyListener - Start find element with 'locator' ---> By.cssSelector: [data-test-id="header-member-menu-profile"]
15:01:48. INFO  manager.MyListener - End find element with 'locator' ---> By.cssSelector: [data-test-id="header-member-menu-profile"]
15:01:48. INFO  manager.MyListener - Start find element with 'locator' ---> By.xpath: //a[text()='Atlassian profile']
15:01:49. INFO  manager.MyListener - End find element with 'locator' ---> By.xpath: //a[text()='Atlassian profile']
15:01:52. INFO  manager.MyListener - Start find element with 'locator' ---> By.cssSelector: [data-test-selector='profile-avatar']
15:01:53. INFO  manager.MyListener - End find element with 'locator' ---> By.cssSelector: [data-test-selector='profile-avatar']
15:01:56. INFO  manager.MyListener - Start find element with 'locator' ---> By.xpath: //*[text()='Change profile photo']
15:01:56. INFO  manager.MyListener - End find element with 'locator' ---> By.xpath: //*[text()='Change profile photo']
15:01:56. INFO  manager.MyListener - Start find element with 'locator' ---> By.cssSelector: #image-input
15:01:56. INFO  manager.MyListener - End find element with 'locator' ---> By.cssSelector: #image-input
15:01:56. INFO  manager.MyListener - Start find element with 'locator' ---> By.xpath: //button[.='Upload']
15:01:56. INFO  manager.MyListener - End find element with 'locator' ---> By.xpath: //button[.='Upload']
15:01:57. INFO  manager.MyListener - Start find element with 'locator' ---> By.cssSelector: .css-ygd4ga
15:01:58. INFO  manager.MyListener - End find element with 'locator' ---> By.cssSelector: .css-ygd4ga
15:01:58. INFO  manager.MyListener - Start find element with 'locator' ---> By.xpath: //span[text()='Avatar added']
15:01:58. INFO  manager.MyListener - End find element with 'locator' ---> By.xpath: //span[text()='Avatar added']
